<?xml version='1.0' encoding='UTF-8'?>
<testsuite hostname="DESKTOP-O6U4BH3" name="CheckerSuite" tests="100" errors="0" failures="0" skipped="0" time="1.713">
                     <properties>
[...]
</properties>
                     <testcase classname="CheckerSuite" name="1 Redeclared VarDecl Global 1" time="0.1">
                                                 
                                               </testcase><testcase classname="CheckerSuite" name="2 Redeclared VarDecl Global 2" time="0.015">
                                                 
                                               </testcase><testcase classname="CheckerSuite" name="3 Redeclared FuncDecl:" time="0.031">
                                                 
                                               </testcase><testcase classname="CheckerSuite" name="4 Redeclared FuncDecl: int float" time="0.016">
                                                 
                                               </testcase><testcase classname="CheckerSuite" name="5 Redeclared FuncDecl: void and arayType" time="0.0">
                                                 
                                               </testcase><testcase classname="CheckerSuite" name="6 Redeclared Parameter: 1" time="0.02">
                                                 
                                               </testcase><testcase classname="CheckerSuite" name="7 Redeclared Parameter: 2" time="0.002">
                                                 
                                               </testcase><testcase classname="CheckerSuite" name="8 Redeclared Variable: Variable and Parameter" time="0.0">
                                                 
                                               </testcase><testcase classname="CheckerSuite" name="9 Redeclared Variable: Block" time="0.016">
                                                 
                                               </testcase><testcase classname="CheckerSuite" name="10 No Redeclared: Parameter" time="0.0">
                                                 
                                               </testcase><testcase classname="CheckerSuite" name="11 No Redeclared: local Variable" time="0.015">
                                                 
                                               </testcase><testcase classname="CheckerSuite" name="12 No Redeclared: Parameter and Function" time="0.0">
                                                 
                                               </testcase><testcase classname="CheckerSuite" name="13 Redeclared Built-in Function" time="0.0">
                                                 
                                               </testcase><testcase classname="CheckerSuite" name="14 Redeclared Built-in Function" time="0.0">
                                                 
                                               </testcase><testcase classname="CheckerSuite" name="15 Undeclared Identifier" time="0.016">
                                                 
                                               </testcase><testcase classname="CheckerSuite" name="16 Undeclared Identifier: Global func end Local Scope" time="0.015">
                                                 
                                               </testcase><testcase classname="CheckerSuite" name="17 Undeclared Identifier: local scope and not error" time="0.0">
                                                 
                                               </testcase><testcase classname="CheckerSuite" name="18 Undeclared Identifier: arrayType" time="0.016">
                                                 
                                               </testcase><testcase classname="CheckerSuite" name="19 Undeclared Function simple" time="0.022">
                                                 
                                               </testcase><testcase classname="CheckerSuite" name="20 Undeclared Function complex return" time="0.016">
                                                 
                                               </testcase><testcase classname="CheckerSuite" name="21 Undeclared Function complex 2 - expression" time="0.016">
                                                 
                                               </testcase><testcase classname="CheckerSuite" name="22 Undeclared Function complex 3 - forstmt" time="0.015">
                                                 
                                               </testcase><testcase classname="CheckerSuite" name="23 Undeclared Function complex 4 - dowhilestmt1" time="0.016">
                                                 
                                               </testcase><testcase classname="CheckerSuite" name="24 Undeclared Function complex 4 - dowhilestmt2" time="0.035">
                                                 
                                               </testcase><testcase classname="CheckerSuite" name="25 Undeclared Function complex 4 - ifStmt" time="0.002">
                                                 
                                               </testcase><testcase classname="CheckerSuite" name="26 Type Mismatch In Expression: Array Cell1" time="0.016">
                                                 
                                               </testcase><testcase classname="CheckerSuite" name="27 Type Mismatch In Expression: Array Cell2" time="0.015">
                                                 
                                               </testcase><testcase classname="CheckerSuite" name="28 Type Mismatch In Expression: Array Cell3" time="0.016">
                                                 
                                               </testcase><testcase classname="CheckerSuite" name="29 Type Mismatch In Expression: Array Cell4" time="0.0">
                                                 
                                               </testcase><testcase classname="CheckerSuite" name="30 Type Mismatch In Expression: Array Cell5" time="0.016">
                                                 
                                               </testcase><testcase classname="CheckerSuite" name="31 Type Mismatch In Expression: Array Cell5(not error" time="0.0">
                                                 
                                               </testcase><testcase classname="CheckerSuite" name="32 Type Mismatch In Expression: Assign" time="0.015">
                                                 
                                               </testcase><testcase classname="CheckerSuite" name="33 Type Mismatch In Expression: Assign2" time="0.0">
                                                 
                                               </testcase><testcase classname="CheckerSuite" name="34 Type Mismatch In Expression: Assign3" time="0.02">
                                                 
                                               </testcase><testcase classname="CheckerSuite" name="35 Type Mismatch In Expression: Assign4 (arrayType = ArrayPointerType" time="0.001">
                                                 
                                               </testcase><testcase classname="CheckerSuite" name="36 Type Mismatch In Expression: Assign5(not error) float = int" time="0.0">
                                                 
                                               </testcase><testcase classname="CheckerSuite" name="37 Type Mismatch In Expression: Assign6(not error)(not error)" time="0.016">
                                                 
                                               </testcase><testcase classname="CheckerSuite" name="38 Type Mismatch In Expression: Assign6(not error) ArrayPointerType = float" time="0.016">
                                                 
                                               </testcase><testcase classname="CheckerSuite" name="39 Type Mismatch In Expression: Function Call simple 1" time="0.0">
                                                 
                                               </testcase><testcase classname="CheckerSuite" name="40 Type Mismatch In Expression: Function Call simple 2" time="0.015">
                                                 
                                               </testcase><testcase classname="CheckerSuite" name="41 Type Mismatch In Expression: Function Call simple 3" time="0.016">
                                                 
                                               </testcase><testcase classname="CheckerSuite" name="42 Type Mismatch In Expression: (no-error)Function Call simple 4" time="0.0">
                                                 
                                               </testcase><testcase classname="CheckerSuite" name="43 Type Mismatch In Expression: Function Call size Parameter 1" time="0.015">
                                                 
                                               </testcase><testcase classname="CheckerSuite" name="44 Type Mismatch In Expression: Function Call size Parameter 2" time="0.021">
                                                 
                                               </testcase><testcase classname="CheckerSuite" name="45 Type Mismatch In Expression: Function Call size Parameter 3" time="0.001">
                                                 
                                               </testcase><testcase classname="CheckerSuite" name="46 Type Mismatch In Expression: Function Call size Parameter 4" time="0.016">
                                                 
                                               </testcase><testcase classname="CheckerSuite" name="47 Type Mismatch In Expression: Function Call type of Parameter 1" time="0.0">
                                                 
                                               </testcase><testcase classname="CheckerSuite" name="48 Type Mismatch In Expression: Function Call type of Parameter 2(coerce)" time="0.016">
                                                 
                                               </testcase><testcase classname="CheckerSuite" name="49 Type Mismatch In Expression: (no-error)Function Call - type of Parameter 1(coerce)" time="0.0">
                                                 
                                               </testcase><testcase classname="CheckerSuite" name="50 Type Mismatch In Expression: (no-error)Function Call - type of Parameter 2(coerce)" time="0.015">
                                                 
                                               </testcase><testcase classname="CheckerSuite" name="51 Type Mismatch In Expression: Function Call - type of Parameter 3(coerce)" time="0.032">
                                                 
                                               </testcase><testcase classname="CheckerSuite" name="52 Type Mismatch In Expression: Not Unary Op - simple" time="0.021">
                                                 
                                               </testcase><testcase classname="CheckerSuite" name="53 Type Mismatch In Expression: Not Unary Op - simple 2" time="0.0">
                                                 
                                               </testcase><testcase classname="CheckerSuite" name="54 Type Mismatch In Expression: Not Unary Op - complex" time="0.032">
                                                 
                                               </testcase><testcase classname="CheckerSuite" name="55 Type Mismatch In Expression: Not Unary Op - complex2" time="0.068">
                                                 
                                               </testcase><testcase classname="CheckerSuite" name="56 Type Mismatch In Expression: Notlogic Unary Op" time="0.014">
                                                 
                                               </testcase><testcase classname="CheckerSuite" name="57 Type Mismatch In Expression: Notlogic Unary Op 2" time="0.021">
                                                 
                                               </testcase><testcase classname="CheckerSuite" name="58 Type Mismatch In Expression: Notlogic Unary Op 3" time="0.016">
                                                 
                                               </testcase><testcase classname="CheckerSuite" name="59 Type Mismatch In Expression: (not error) Notlogic Unary Op 4" time="0.014">
                                                 
                                               </testcase><testcase classname="CheckerSuite" name="60 Type Mismatch In Expression: Notlogic Unary Op 5" time="0.028">
                                                 
                                               </testcase><testcase classname="CheckerSuite" name="61 Type Mismatch In Expression: BinaryOp Add(+)  Sub(-)  Div(/)  Mul(*) 1" time="0.018">
                                                 
                                               </testcase><testcase classname="CheckerSuite" name="62 Type Mismatch In Expression: BinaryOp Add(+)" time="0.01">
                                                 
                                               </testcase><testcase classname="CheckerSuite" name="63 Type Mismatch In Expression: BinaryOp Sub(-)" time="0.008">
                                                 
                                               </testcase><testcase classname="CheckerSuite" name="64 Type Mismatch In Expression: BinaryOp Div(/)" time="0.024">
                                                 
                                               </testcase><testcase classname="CheckerSuite" name="65 Type Mismatch In Expression: BinaryOp Mul(*)" time="0.012">
                                                 
                                               </testcase><testcase classname="CheckerSuite" name="66 Type Mismatch In Expression: BinaryOp Add(+)  Sub(-)  Div(/)  Mul(*) 1" time="0.025">
                                                 
                                               </testcase><testcase classname="CheckerSuite" name="67 Type Mismatch In Expression: BinaryOp Equal(==) and Not equal(!=) 1" time="0.033">
                                                 
                                               </testcase><testcase classname="CheckerSuite" name="68 Type Mismatch In Expression: BinaryOp Equal(==) and Not equal(!=) 2" time="0.01">
                                                 
                                               </testcase><testcase classname="CheckerSuite" name="69 Type Mismatch In Expression: BinaryOp Equal(==) and Not equal(!=) 3" time="0.015">
                                                 
                                               </testcase><testcase classname="CheckerSuite" name="70 Type Mismatch In Expression: BinaryOp Compare(&lt; &gt;= &gt; &lt;=) 1" time="0.015">
                                                 
                                               </testcase><testcase classname="CheckerSuite" name="71 Type Mismatch In Expression: BinaryOp Compare(&lt; &gt;= &gt; &lt;=) 2" time="0.016">
                                                 
                                               </testcase><testcase classname="CheckerSuite" name="72 Type Mismatch In Expression: BinaryOp logic(&amp;&amp;) or(||) 1" time="0.016">
                                                 
                                               </testcase><testcase classname="CheckerSuite" name="73 Type Mismatch In Expression: BinaryOp logic(&amp;&amp;) or(||) 2" time="0.03">
                                                 
                                               </testcase><testcase classname="CheckerSuite" name="74 Type Mismatch In Expression: Mod(%" time="0.015">
                                                 
                                               </testcase><testcase classname="CheckerSuite" name="75 Type Mismatch In Expression: complex - Logic Or(||)" time="0.033">
                                                 
                                               </testcase><testcase classname="CheckerSuite" name="76 Type Mismatch In Expression: complex Assign(=)" time="0.057">
                                                 
                                               </testcase><testcase classname="CheckerSuite" name="77 Type Mismatch In Expression: complex - CallExpr" time="0.135">
                                                 
                                               </testcase><testcase classname="CheckerSuite" name="78 Type Mismatch In Expression: complex -ArrayCell" time="0.034">
                                                 
                                               </testcase><testcase classname="CheckerSuite" name="79 Type Mismatch In Expression: complex - Assign" time="0.054">
                                                 
                                               </testcase><testcase classname="CheckerSuite" name="80 Type Mismatch In Expression: complex - Assign" time="0.04">
                                                 
                                               </testcase><testcase classname="CheckerSuite" name="81 Type Mismatch In Statement: If simple" time="0.008">
                                                 
                                               </testcase><testcase classname="CheckerSuite" name="82 Type Mismatch In Statement: If simple 2" time="0.009">
                                                 
                                               </testcase><testcase classname="CheckerSuite" name="83 Type Mismatch In Statement: If simple 3" time="0.012">
                                                 
                                               </testcase><testcase classname="CheckerSuite" name="84 Type Mismatch In Statement: If 1" time="0.012">
                                                 
                                               </testcase><testcase classname="CheckerSuite" name="85 Type Mismatch In Statement: If 2" time="0.005">
                                                 
                                               </testcase><testcase classname="CheckerSuite" name="86 Type Mismatch In Statement: If 3" time="0.008">
                                                 
                                               </testcase><testcase classname="CheckerSuite" name="87 Type Mismatch In Statement: For Simple (expr1 = boolean)" time="0.011">
                                                 
                                               </testcase><testcase classname="CheckerSuite" name="88 Type Mismatch In Statement: For Simple (expr2 = float)" time="0.008">
                                                 
                                               </testcase><testcase classname="CheckerSuite" name="89 Type Mismatch In Statement: For Simple (expr3 = string)" time="0.005">
                                                 
                                               </testcase><testcase classname="CheckerSuite" name="90 Type Mismatch In Statement: For" time="0.06">
                                                 
                                               </testcase><testcase classname="CheckerSuite" name="91 Type Mismatch In Statement: do while StringType" time="0.008">
                                                 
                                               </testcase><testcase classname="CheckerSuite" name="92 Type Mismatch In Statement: do while ArrType" time="0.008">
                                                 
                                               </testcase><testcase classname="CheckerSuite" name="93 Type Mismatch In Statement: do while IntType" time="0.011">
                                                 
                                               </testcase><testcase classname="CheckerSuite" name="94 Type Mismatch In Statement: do while VoidType" time="0.012">
                                                 
                                               </testcase><testcase classname="CheckerSuite" name="95 Type Mismatch In Statement: do while (ArrayPointerType" time="0.008">
                                                 
                                               </testcase><testcase classname="CheckerSuite" name="96 Type Mismatch In Statement: return - VoidType" time="0.006">
                                                 
                                               </testcase><testcase classname="CheckerSuite" name="97 Type Mismatch In Statement: return - VoidType" time="0.011">
                                                 
                                               </testcase><testcase classname="CheckerSuite" name="98 Type Mismatch In Statement: return - PimitiveType(String - Float - Int - Boolean) 1" time="0.006">
                                                 
                                               </testcase><testcase classname="CheckerSuite" name="99 Type Mismatch In Statement: return - ArrayType 2" time="0.011">
                                                 
                                               </testcase><testcase classname="CheckerSuite" name="100 Type Mismatch In Statement: return &amp;&amp; Built-in Function" time="0.018">
                                                 
                                               </testcase>
                     <system-out><![CDATA[]]></system-out>
                     <system-err><![CDATA[]]></system-err>
                   </testsuite>