<?xml version='1.0' encoding='UTF-8'?>
<testsuite hostname="DESKTOP-O6U4BH3" name="ParserSuite" tests="100" errors="0" failures="0" skipped="0" time="5.886">
                     <properties>
[...]
</properties>
                     <testcase classname="ParserSuite" name="a simple program" time="0.186">
                                                 
                                               </testcase><testcase classname="ParserSuite" name="more complex program" time="0.045">
                                                 
                                               </testcase><testcase classname="ParserSuite" name="wrong program" time="0.037">
                                                 
                                               </testcase><testcase classname="ParserSuite" name="simple function declare" time="0.091">
                                                 
                                               </testcase><testcase classname="ParserSuite" name="simple function declare float" time="0.021">
                                                 
                                               </testcase><testcase classname="ParserSuite" name="wrong variable declare int" time="0.084">
                                                 
                                               </testcase><testcase classname="ParserSuite" name="wrong variable declare int array" time="0.023">
                                                 
                                               </testcase><testcase classname="ParserSuite" name="wrong function declare" time="0.034">
                                                 
                                               </testcase><testcase classname="ParserSuite" name="wrong function declare miss {}" time="0.055">
                                                 
                                               </testcase><testcase classname="ParserSuite" name="compilex program" time="0.049">
                                                 
                                               </testcase><testcase classname="ParserSuite" name="wrong: unexpect ;" time="0.037">
                                                 
                                               </testcase><testcase classname="ParserSuite" name="var declares and function declares" time="0.03">
                                                 
                                               </testcase><testcase classname="ParserSuite" name="complex program if stmt" time="0.151">
                                                 
                                               </testcase><testcase classname="ParserSuite" name="complex program if else" time="0.032">
                                                 
                                               </testcase><testcase classname="ParserSuite" name="complex program do while" time="0.034">
                                                 
                                               </testcase><testcase classname="ParserSuite" name="complex program forstmt" time="0.083">
                                                 
                                               </testcase><testcase classname="ParserSuite" name="complex program lv1 for + break stmt" time="0.016">
                                                 
                                               </testcase><testcase classname="ParserSuite" name="complex program : call function" time="0.028">
                                                 
                                               </testcase><testcase classname="ParserSuite" name="complex program function return a array pointer type syntax" time="0.024">
                                                 
                                               </testcase><testcase classname="ParserSuite" name="complex program : para func type ID[]" time="0.073">
                                                 
                                               </testcase><testcase classname="ParserSuite" name="complex program test expr in if stmt" time="0.054">
                                                 
                                               </testcase><testcase classname="ParserSuite" name="complex program: invo_expr" time="0.042">
                                                 
                                               </testcase><testcase classname="ParserSuite" name="complex program check blockstmt" time="0.04">
                                                 
                                               </testcase><testcase classname="ParserSuite" name="complex expr" time="0.092">
                                                 
                                               </testcase><testcase classname="ParserSuite" name="complex assign expression test" time="0.05">
                                                 
                                               </testcase><testcase classname="ParserSuite" name="complex program blockstmt in a func declare" time="0.038">
                                                 
                                               </testcase><testcase classname="ParserSuite" name="assign var for negative number" time="0.035">
                                                 
                                               </testcase><testcase classname="ParserSuite" name="complex func call" time="0.064">
                                                 
                                               </testcase><testcase classname="ParserSuite" name="check string var" time="0.053">
                                                 
                                               </testcase><testcase classname="ParserSuite" name="check complex expression in if stmt" time="0.048">
                                                 
                                               </testcase><testcase classname="ParserSuite" name="call function in a function declare" time="0.06">
                                                 
                                               </testcase><testcase classname="ParserSuite" name="simple call function" time="0.039">
                                                 
                                               </testcase><testcase classname="ParserSuite" name="list var declare" time="0.03">
                                                 
                                               </testcase><testcase classname="ParserSuite" name="simple program with func declare" time="0.086">
                                                 
                                               </testcase><testcase classname="ParserSuite" name="simple program with somw stmt" time="0.115">
                                                 
                                               </testcase><testcase classname="ParserSuite" name="check return stmt" time="0.027">
                                                 
                                               </testcase><testcase classname="ParserSuite" name="some crazy expression" time="0.04">
                                                 
                                               </testcase><testcase classname="ParserSuite" name="return a string" time="0.05">
                                                 
                                               </testcase><testcase classname="ParserSuite" name="check the expression with stringlit" time="0.088">
                                                 
                                               </testcase><testcase classname="ParserSuite" name="check for with complex expression" time="0.048">
                                                 
                                               </testcase><testcase classname="ParserSuite" name="if stmt is nested in do while" time="0.115">
                                                 
                                               </testcase><testcase classname="ParserSuite" name="check ifstmt in for stmt" time="0.071">
                                                 
                                               </testcase><testcase classname="ParserSuite" name="check expression ID [ intlit ]" time="0.058">
                                                 
                                               </testcase><testcase classname="ParserSuite" name="function call: para is a function call" time="0.096">
                                                 
                                               </testcase><testcase classname="ParserSuite" name="check return ;" time="0.086">
                                                 
                                               </testcase><testcase classname="ParserSuite" name="test big program" time="0.069">
                                                 
                                               </testcase><testcase classname="ParserSuite" name="permute the orther of declare in big program" time="0.105">
                                                 
                                               </testcase><testcase classname="ParserSuite" name="total test for big program" time="0.141">
                                                 
                                               </testcase><testcase classname="ParserSuite" name="test all syntax" time="0.097">
                                                 
                                               </testcase><testcase classname="ParserSuite" name="complex program with many kind declare" time="0.16">
                                                 
                                               </testcase><testcase classname="ParserSuite" name="wrong ] in program" time="0.033">
                                                 
                                               </testcase><testcase classname="ParserSuite" name="wrong { in program" time="0.018">
                                                 
                                               </testcase><testcase classname="ParserSuite" name="wrong ( in program" time="0.05">
                                                 
                                               </testcase><testcase classname="ParserSuite" name="wrong ( program" time="0.083">
                                                 
                                               </testcase><testcase classname="ParserSuite" name="para function wrong program" time="0.055">
                                                 
                                               </testcase><testcase classname="ParserSuite" name="miss ) wrong program" time="0.125">
                                                 
                                               </testcase><testcase classname="ParserSuite" name="miss function name" time="0.153">
                                                 
                                               </testcase><testcase classname="ParserSuite" name="wrong syntax para declare in function" time="0.06">
                                                 
                                               </testcase><testcase classname="ParserSuite" name="miss ) in if stmt" time="0.038">
                                                 
                                               </testcase><testcase classname="ParserSuite" name="miss void in function declare" time="0.03">
                                                 
                                               </testcase><testcase classname="ParserSuite" name="wrong program : void for var declare" time="0.029">
                                                 
                                               </testcase><testcase classname="ParserSuite" name="wrong program : miss operand" time="0.138">
                                                 
                                               </testcase><testcase classname="ParserSuite" name="wrong program miss ;" time="0.085">
                                                 
                                               </testcase><testcase classname="ParserSuite" name="wrong program miss ID in para declare" time="0.033">
                                                 
                                               </testcase><testcase classname="ParserSuite" name="wrong program missing expression in while" time="0.149">
                                                 
                                               </testcase><testcase classname="ParserSuite" name="missing while keyword in do whine stmt" time="0.114">
                                                 
                                               </testcase><testcase classname="ParserSuite" name="wrong ASSIGN syntax" time="0.137">
                                                 
                                               </testcase><testcase classname="ParserSuite" name="miss type ni para declare" time="0.064">
                                                 
                                               </testcase><testcase classname="ParserSuite" name="missing name in function declare" time="0.113">
                                                 
                                               </testcase><testcase classname="ParserSuite" name="missing ASSIGN op in assign stmt" time="0.08">
                                                 
                                               </testcase><testcase classname="ParserSuite" name="wrong when number appear in func declare" time="0.037">
                                                 
                                               </testcase><testcase classname="ParserSuite" name="wrong when stmt stand before declare part in block" time="0.04">
                                                 
                                               </testcase><testcase classname="ParserSuite" name="wrong var declare: array declare" time="0.029">
                                                 
                                               </testcase><testcase classname="ParserSuite" name="vardeclare stand after stmt in block stmt" time="0.034">
                                                 
                                               </testcase><testcase classname="ParserSuite" name="wrong program: nested function" time="0.047">
                                                 
                                               </testcase><testcase classname="ParserSuite" name="wrong program: dont have expr in if stmt" time="0.035">
                                                 
                                               </testcase><testcase classname="ParserSuite" name="wrong program: dont have stmt after if stmt" time="0.015">
                                                 
                                               </testcase><testcase classname="ParserSuite" name="wrong program: dont have ID in var declare" time="0.064">
                                                 
                                               </testcase><testcase classname="ParserSuite" name="wrong program: wrong syntax || expression" time="0.023">
                                                 
                                               </testcase><testcase classname="ParserSuite" name="wrong program: stmt is outside every block" time="0.045">
                                                 
                                               </testcase><testcase classname="ParserSuite" name="wrong program: 2 operator next each other" time="0.035">
                                                 
                                               </testcase><testcase classname="ParserSuite" name="wrong when var declare stand inside para declare" time="0.044">
                                                 
                                               </testcase><testcase classname="ParserSuite" name="wrong program: missing type and ID of function declare" time="0.034">
                                                 
                                               </testcase><testcase classname="ParserSuite" name="wrong program: var declare in call function" time="0.027">
                                                 
                                               </testcase><testcase classname="ParserSuite" name="wrong program: have a useless ;" time="0.078">
                                                 
                                               </testcase><testcase classname="ParserSuite" name="wrong program: void type in para" time="0.028">
                                                 
                                               </testcase><testcase classname="ParserSuite" name="wrong para declare: int a,v,c" time="0.047">
                                                 
                                               </testcase><testcase classname="ParserSuite" name="wrong stmt: wrong expression" time="0.035">
                                                 
                                               </testcase><testcase classname="ParserSuite" name="wrong stmt: duplicate operator" time="0.037">
                                                 
                                               </testcase><testcase classname="ParserSuite" name="short test with call function" time="0.023">
                                                 
                                               </testcase><testcase classname="ParserSuite" name="wrong :unexpect operator in a expression" time="0.047">
                                                 
                                               </testcase><testcase classname="ParserSuite" name="nest do while in a loop" time="0.037">
                                                 
                                               </testcase><testcase classname="ParserSuite" name="wrong : SEMI after if" time="0.025">
                                                 
                                               </testcase><testcase classname="ParserSuite" name="set the para is a assign expression" time="0.044">
                                                 
                                               </testcase><testcase classname="ParserSuite" name="wrong: func declare in block" time="0.02">
                                                 
                                               </testcase><testcase classname="ParserSuite" name="else part have unexpect }" time="0.022">
                                                 
                                               </testcase><testcase classname="ParserSuite" name="correct initialization variable: array init" time="0.031">
                                                 
                                               </testcase><testcase classname="ParserSuite" name="wrong for stmt condition expressions" time="0.029">
                                                 
                                               </testcase><testcase classname="ParserSuite" name="test for stmt with strang condition expressions" time="0.016">
                                                 
                                               </testcase><testcase classname="ParserSuite" name="wrong: test 2d array" time="0.041">
                                                 
                                               </testcase>
                     <system-out><![CDATA[]]></system-out>
                     <system-err><![CDATA[]]></system-err>
                   </testsuite>