<?xml version='1.0' encoding='UTF-8'?>
<testsuite hostname="DESKTOP-O6U4BH3" name="AstSuite" tests="100" errors="0" failures="0" skipped="0" time="2.07">
                     <properties>
[...]
</properties>
                     <testcase classname="AstSuite" name="a simple program with void as return type of main" time="0.104">
                                                 
                                               </testcase><testcase classname="AstSuite" name="2 function declare in program" time="0.005">
                                                 
                                               </testcase><testcase classname="AstSuite" name="a simple program with var declare" time="0.015">
                                                 
                                               </testcase><testcase classname="AstSuite" name="a simple program with function has parameter" time="0.008">
                                                 
                                               </testcase><testcase classname="AstSuite" name="single var declare and single function declare" time="0.005">
                                                 
                                               </testcase><testcase classname="AstSuite" name="function has var declare" time="0.005">
                                                 
                                               </testcase><testcase classname="AstSuite" name="function has break" time="0.015">
                                                 
                                               </testcase><testcase classname="AstSuite" name="simple fuction with array pointer type" time="0.019">
                                                 
                                               </testcase><testcase classname="AstSuite" name="simple main function with expression statement" time="0.037">
                                                 
                                               </testcase><testcase classname="AstSuite" name="a simple program with complicated var declare" time="0.012">
                                                 
                                               </testcase><testcase classname="AstSuite" name="function declare with parameter and var declaration" time="0.007">
                                                 
                                               </testcase><testcase classname="AstSuite" name="test less and equal expression" time="0.011">
                                                 
                                               </testcase><testcase classname="AstSuite" name="complicated expression statement" time="0.017">
                                                 
                                               </testcase><testcase classname="AstSuite" name="if-test (simple)" time="0.014">
                                                 
                                               </testcase><testcase classname="AstSuite" name="program with vardeclare mix if statement" time="0.037">
                                                 
                                               </testcase><testcase classname="AstSuite" name="test simple index expression" time="0.034">
                                                 
                                               </testcase><testcase classname="AstSuite" name="if-else statement test (simple)" time="0.01">
                                                 
                                               </testcase><testcase classname="AstSuite" name="test if-else extend : if-statement in if part" time="0.012">
                                                 
                                               </testcase><testcase classname="AstSuite" name="test if-else extend : if-statement in else part" time="0.019">
                                                 
                                               </testcase><testcase classname="AstSuite" name="an if-else statement that has complicated expression" time="0.092">
                                                 
                                               </testcase><testcase classname="AstSuite" name="test nested if-else statement : if part" time="0.03">
                                                 
                                               </testcase><testcase classname="AstSuite" name="test nested if-else statement : else part" time="0.01">
                                                 
                                               </testcase><testcase classname="AstSuite" name="nested if statement" time="0.009">
                                                 
                                               </testcase><testcase classname="AstSuite" name="if-else statement in if" time="0.023">
                                                 
                                               </testcase><testcase classname="AstSuite" name="test simple do while statement" time="0.016">
                                                 
                                               </testcase><testcase classname="AstSuite" name="test do while statement with complicated expression part" time="0.033">
                                                 
                                               </testcase><testcase classname="AstSuite" name="if statement in do while" time="0.026">
                                                 
                                               </testcase><testcase classname="AstSuite" name="if-else statement in do while" time="0.017">
                                                 
                                               </testcase><testcase classname="AstSuite" name="nested do while statement testing" time="0.009">
                                                 
                                               </testcase><testcase classname="AstSuite" name="do while statement in if" time="0.01">
                                                 
                                               </testcase><testcase classname="AstSuite" name="do while statement in if-else" time="0.014">
                                                 
                                               </testcase><testcase classname="AstSuite" name="simple testcase for statement" time="0.02">
                                                 
                                               </testcase><testcase classname="AstSuite" name="test for statement has complicated expression" time="0.068">
                                                 
                                               </testcase><testcase classname="AstSuite" name="if statement in for statement" time="0.012">
                                                 
                                               </testcase><testcase classname="AstSuite" name="if-else statement in for statement" time="0.019">
                                                 
                                               </testcase><testcase classname="AstSuite" name="do while statement in for statement" time="0.013">
                                                 
                                               </testcase><testcase classname="AstSuite" name="for statement in if statement" time="0.005">
                                                 
                                               </testcase><testcase classname="AstSuite" name="for statement in if-else statement" time="0.023">
                                                 
                                               </testcase><testcase classname="AstSuite" name="for in do while statement" time="0.006">
                                                 
                                               </testcase><testcase classname="AstSuite" name="test nested for statement" time="0.011">
                                                 
                                               </testcase><testcase classname="AstSuite" name="test many break statements" time="0.018">
                                                 
                                               </testcase><testcase classname="AstSuite" name="break statement in for statement" time="0.007">
                                                 
                                               </testcase><testcase classname="AstSuite" name="break statement in do while statement" time="0.009">
                                                 
                                               </testcase><testcase classname="AstSuite" name="break statement in if statement" time="0.007">
                                                 
                                               </testcase><testcase classname="AstSuite" name="break statement in if-else statement" time="0.023">
                                                 
                                               </testcase><testcase classname="AstSuite" name="test simple continue statement" time="0.008">
                                                 
                                               </testcase><testcase classname="AstSuite" name="test multiple continue statements" time="0.017">
                                                 
                                               </testcase><testcase classname="AstSuite" name="continue statement in for statement" time="0.012">
                                                 
                                               </testcase><testcase classname="AstSuite" name="continue statement in do while statement" time="0.046">
                                                 
                                               </testcase><testcase classname="AstSuite" name="continue statement in if statement" time="0.023">
                                                 
                                               </testcase><testcase classname="AstSuite" name="continue statement in if-else statement" time="0.01">
                                                 
                                               </testcase><testcase classname="AstSuite" name="test simple return" time="0.014">
                                                 
                                               </testcase><testcase classname="AstSuite" name="another simple test return with expression" time="0.006">
                                                 
                                               </testcase><testcase classname="AstSuite" name="return statement in if statement" time="0.014">
                                                 
                                               </testcase><testcase classname="AstSuite" name="return statement in if-else statement" time="0.016">
                                                 
                                               </testcase><testcase classname="AstSuite" name="return statement in do-while statement" time="0.013">
                                                 
                                               </testcase><testcase classname="AstSuite" name="return statement in for statement" time="0.006">
                                                 
                                               </testcase><testcase classname="AstSuite" name="test multi expression statement and funcall expression" time="0.028">
                                                 
                                               </testcase><testcase classname="AstSuite" name="test simple block statement with only var declarations" time="0.015">
                                                 
                                               </testcase><testcase classname="AstSuite" name="test simple block statement with only statements" time="0.006">
                                                 
                                               </testcase><testcase classname="AstSuite" name="test full block statement" time="0.017">
                                                 
                                               </testcase><testcase classname="AstSuite" name="test many block statements" time="0.018">
                                                 
                                               </testcase><testcase classname="AstSuite" name="block statement in if statement" time="0.034">
                                                 
                                               </testcase><testcase classname="AstSuite" name="block statement in if-else statement" time="0.028">
                                                 
                                               </testcase><testcase classname="AstSuite" name="block statement in for statement" time="0.011">
                                                 
                                               </testcase><testcase classname="AstSuite" name="block statement in do while statement" time="0.008">
                                                 
                                               </testcase><testcase classname="AstSuite" name="test simple bracket and index expression" time="0.02">
                                                 
                                               </testcase><testcase classname="AstSuite" name="test complex bracket and index expression" time="0.02">
                                                 
                                               </testcase><testcase classname="AstSuite" name="test string operation" time="0.012">
                                                 
                                               </testcase><testcase classname="AstSuite" name="declaration complicated" time="0.017">
                                                 
                                               </testcase><testcase classname="AstSuite" name="test all kind of statement" time="0.021">
                                                 
                                               </testcase><testcase classname="AstSuite" name="test special string" time="0.015">
                                                 
                                               </testcase><testcase classname="AstSuite" name="test expression: bracket and assign" time="0.013">
                                                 
                                               </testcase><testcase classname="AstSuite" name="test expression: index and assign" time="0.02">
                                                 
                                               </testcase><testcase classname="AstSuite" name="test expression: bracket complex" time="0.018">
                                                 
                                               </testcase><testcase classname="AstSuite" name="all decalre below main" time="0.017">
                                                 
                                               </testcase><testcase classname="AstSuite" name="a function that parameter is pointer type" time="0.013">
                                                 
                                               </testcase><testcase classname="AstSuite" name="test equal operator" time="0.017">
                                                 
                                               </testcase><testcase classname="AstSuite" name="index expression extend" time="0.033">
                                                 
                                               </testcase><testcase classname="AstSuite" name="test line comment" time="0.039">
                                                 
                                               </testcase><testcase classname="AstSuite" name="test block comment" time="0.007">
                                                 
                                               </testcase><testcase classname="AstSuite" name="bracket expression extend" time="0.016">
                                                 
                                               </testcase><testcase classname="AstSuite" name="Unary expression" time="0.018">
                                                 
                                               </testcase><testcase classname="AstSuite" name="All kind of vardeclare" time="0.007">
                                                 
                                               </testcase><testcase classname="AstSuite" name="simple function declare - simple type: no parameter and body" time="0.011">
                                                 
                                               </testcase><testcase classname="AstSuite" name="simple function declare - array pointer type: no parameter and body" time="0.017">
                                                 
                                               </testcase><testcase classname="AstSuite" name="full function declare - all simple type" time="0.016">
                                                 
                                               </testcase><testcase classname="AstSuite" name="full function declare - array pointer type" time="0.013">
                                                 
                                               </testcase><testcase classname="AstSuite" name="function call simple - 1 or no parameter" time="0.023">
                                                 
                                               </testcase><testcase classname="AstSuite" name="function call test  - 2 or more parameter" time="0.025">
                                                 
                                               </testcase><testcase classname="AstSuite" name="function call in function call" time="0.079">
                                                 
                                               </testcase><testcase classname="AstSuite" name="test function call in complicated case" time="0.062">
                                                 
                                               </testcase><testcase classname="AstSuite" name="function call used in if statement" time="0.017">
                                                 
                                               </testcase><testcase classname="AstSuite" name="function call used in if-else statement" time="0.022">
                                                 
                                               </testcase><testcase classname="AstSuite" name="function call used in for statement" time="0.021">
                                                 
                                               </testcase><testcase classname="AstSuite" name="function call used in do while statement" time="0.014">
                                                 
                                               </testcase><testcase classname="AstSuite" name="function call used in return statement" time="0.018">
                                                 
                                               </testcase><testcase classname="AstSuite" name="function call used in block statement" time="0.039">
                                                 
                                               </testcase><testcase classname="AstSuite" name="test complicated program" time="0.066">
                                                 
                                               </testcase><testcase classname="AstSuite" name="another complicated program" time="0.038">
                                                 
                                               </testcase>
                     <system-out><![CDATA[]]></system-out>
                     <system-err><![CDATA[]]></system-err>
                   </testsuite>