Run starting. Expected test count is: 0
CheckerSuite:
- 1: Redeclared VarDecl Global
- 2: Redeclared FuncDecl
- 3: Redeclared Parameter
- 4: Redeclared Variable in Function
- 5: Redeclared Variable in Block of Function
- 6: Redeclared Variable in Block of Function 2
- TestDemo *** FAILED ***
  CheckerSuite.this.checkCkr(input, expected, 407) was false (CheckerSuite.scala:80)
Run completed in 398 milliseconds.
Total number of tests run: 7
Suites: completed 1, aborted 0
Tests: succeeded 6, failed 1, canceled 0, ignored 0, pending 0
*** 1 TEST FAILED ***
